<?xml version="1.0" encoding="UTF-8"?>
<!-- Generated by org.testng.reporters.JUnitXMLReporter -->
<testsuite ignored="2" hostname="Aditya" failures="0" tests="2" name="Test1" time="50.463" errors="0" timestamp="2026-02-25T12:27:56 IST">
  <testcase classname="TestCaseRepo.TC_003" name="LE003" time="18.631"/>
  <testcase classname="TestCaseRepo.TC_002" name="LE002" time="15.296"/>
  <testcase classname="genericUtility.BaseClass" name="@BeforeSuite bsConfig" time="0.0">
    <ignored/>
  </testcase> <!-- @BeforeSuite bsConfig -->
  <testcase classname="genericUtility.BaseClass" name="@AfterSuite asConfig" time="0.0">
    <ignored/>
  </testcase> <!-- @AfterSuite asConfig -->
</testsuite> <!-- Test1 -->
