<?xml version="1.0" encoding="UTF-8"?>
<!-- Generated by org.testng.reporters.JUnitXMLReporter -->
<testsuite ignored="2" hostname="Aditya" failures="0" tests="3" name="Test1" time="41.196" errors="0" timestamp="2026-03-09T11:46:39 IST">
  <testcase classname="TestCaseRepo.TC_003" name="LE003" time="9.976"/>
  <testcase classname="TestCaseRepo.TC_002" name="LE002" time="6.616"/>
  <testcase classname="TestCaseRepo.TC_002" name="m1" time="0.001"/>
  <testcase classname="genericUtility.BaseClass" name="@BeforeSuite bsConfig" time="0.0">
    <ignored/>
  </testcase> <!-- @BeforeSuite bsConfig -->
  <testcase classname="genericUtility.BaseClass" name="@AfterSuite asConfig" time="0.0">
    <ignored/>
  </testcase> <!-- @AfterSuite asConfig -->
</testsuite> <!-- Test1 -->
