<?xml version="1.0" encoding="UTF-8"?>
<!-- Generated by org.testng.reporters.JUnitXMLReporter -->
<testsuite ignored="2" hostname="Aditya" failures="0" tests="3" name="Test2" time="73.975" errors="0" timestamp="2026-03-09T11:47:12 IST">
  <testcase classname="TestCaseRepo.TC_003" name="LE003" time="8.828"/>
  <testcase classname="TestCaseRepo.TC_002" name="LE002" time="11.528"/>
  <testcase classname="TestCaseRepo.TC_002" name="m1" time="0.001"/>
  <testcase classname="genericUtility.BaseClass" name="@BeforeSuite bsConfig" time="0.0">
    <ignored/>
  </testcase> <!-- @BeforeSuite bsConfig -->
  <testcase classname="genericUtility.BaseClass" name="@AfterSuite asConfig" time="0.0">
    <ignored/>
  </testcase> <!-- @AfterSuite asConfig -->
</testsuite> <!-- Test2 -->
