<?xml version="1.0" encoding="UTF-8"?>
<!-- Generated by org.testng.reporters.JUnitXMLReporter -->
<testsuite ignored="4" hostname="Aditya" failures="0" tests="4" name="Test" time="46.437" errors="0" timestamp="2026-03-09T11:58:28 IST">
  <testcase classname="TestCaseRepo.TC_001" name="LE_001" time="27.083"/>
  <testcase classname="TestCaseRepo.TC_002" name="LE002" time="24.095"/>
  <testcase classname="TestCaseRepo.TC_003" name="LE003" time="28.722"/>
  <testcase classname="TestCaseRepo.TC_002" name="m1" time="0.001"/>
  <testcase classname="genericUtility.BaseClass" name="@BeforeSuite bsConfig" time="0.0">
    <ignored/>
  </testcase> <!-- @BeforeSuite bsConfig -->
  <testcase classname="genericUtility.BaseClass" name="@AfterSuite asConfig" time="0.0">
    <ignored/>
  </testcase> <!-- @AfterSuite asConfig -->
  <testcase classname="genericUtility.BaseClass" name="@AfterSuite asConfig" time="0.0">
    <ignored/>
  </testcase> <!-- @AfterSuite asConfig -->
  <testcase classname="genericUtility.BaseClass" name="@BeforeSuite bsConfig" time="0.0">
    <ignored/>
  </testcase> <!-- @BeforeSuite bsConfig -->
</testsuite> <!-- Test -->
