<?xml version="1.0" encoding="UTF-8"?>
<testng-results ignored="0" total="4" passed="4" failed="0" skipped="0">
  <reporter-output>
  </reporter-output>
  <suite started-at="2026-03-09T11:57:42 IST" name="Suite" finished-at="2026-03-09T11:58:28 IST" duration-ms="46437">
    <groups>
      <group name="Sanity">
        <method signature="TC_002.LE002()[pri:0, instance:TestCaseRepo.TC_002@64cd705f]" name="LE002" class="TestCaseRepo.TC_002"/>
      </group> <!-- Sanity -->
      <group name="Regression">
        <method signature="TC_001.LE_001()[pri:0, instance:TestCaseRepo.TC_001@9225652]" name="LE_001" class="TestCaseRepo.TC_001"/>
        <method signature="TC_003.LE003()[pri:0, instance:TestCaseRepo.TC_003@353d0772]" name="LE003" class="TestCaseRepo.TC_003"/>
      </group> <!-- Regression -->
      <group name="Smoke">
        <method signature="TC_001.LE_001()[pri:0, instance:TestCaseRepo.TC_001@9225652]" name="LE_001" class="TestCaseRepo.TC_001"/>
        <method signature="TC_002.LE002()[pri:0, instance:TestCaseRepo.TC_002@64cd705f]" name="LE002" class="TestCaseRepo.TC_002"/>
      </group> <!-- Smoke -->
    </groups>
    <test started-at="2026-03-09T11:57:42 IST" name="Test" finished-at="2026-03-09T11:58:28 IST" duration-ms="46437">
      <class name="TestCaseRepo.TC_003">
        <test-method is-config="true" signature="bsConfig()[pri:0, instance:TestCaseRepo.TC_003@353d0772]" started-at="2026-03-09T11:57:41 IST" name="bsConfig" finished-at="2026-03-09T11:57:42 IST" duration-ms="15" status="PASS">
          <reporter-output>
          </reporter-output>
        </test-method> <!-- bsConfig -->
        <test-method is-config="true" signature="bcConfig(java.lang.String)[pri:0, instance:TestCaseRepo.TC_003@353d0772]" started-at="2026-03-09T11:57:42 IST" name="bcConfig" finished-at="2026-03-09T11:57:48 IST" duration-ms="6679" status="PASS">
          <params>
            <param index="0">
              <value>
                <![CDATA[chrome]]>
              </value>
            </param>
          </params>
          <reporter-output>
          </reporter-output>
        </test-method> <!-- bcConfig -->
        <test-method is-config="true" signature="bmConfig()[pri:0, instance:TestCaseRepo.TC_003@353d0772]" started-at="2026-03-09T11:57:49 IST" name="bmConfig" finished-at="2026-03-09T11:57:50 IST" duration-ms="1536" status="PASS">
          <reporter-output>
          </reporter-output>
        </test-method> <!-- bmConfig -->
        <test-method signature="LE003()[pri:0, instance:TestCaseRepo.TC_003@353d0772]" started-at="2026-03-09T11:57:50 IST" name="LE003" finished-at="2026-03-09T11:58:19 IST" duration-ms="28722" status="PASS">
          <reporter-output>
          </reporter-output>
        </test-method> <!-- LE003 -->
        <test-method is-config="true" signature="afConfig()[pri:0, instance:TestCaseRepo.TC_003@353d0772]" started-at="2026-03-09T11:58:19 IST" name="afConfig" finished-at="2026-03-09T11:58:22 IST" duration-ms="3101" status="PASS">
          <reporter-output>
          </reporter-output>
        </test-method> <!-- afConfig -->
        <test-method is-config="true" signature="acConfig()[pri:0, instance:TestCaseRepo.TC_003@353d0772]" started-at="2026-03-09T11:58:22 IST" name="acConfig" finished-at="2026-03-09T11:58:23 IST" duration-ms="794" status="PASS">
          <reporter-output>
          </reporter-output>
        </test-method> <!-- acConfig -->
        <test-method is-config="true" signature="asConfig()[pri:0, instance:TestCaseRepo.TC_003@353d0772]" started-at="2026-03-09T11:58:28 IST" name="asConfig" finished-at="2026-03-09T11:58:28 IST" duration-ms="1" status="PASS">
          <reporter-output>
          </reporter-output>
        </test-method> <!-- asConfig -->
      </class> <!-- TestCaseRepo.TC_003 -->
      <class name="TestCaseRepo.TC_002">
        <test-method is-config="true" signature="bcConfig(java.lang.String)[pri:0, instance:TestCaseRepo.TC_002@64cd705f]" started-at="2026-03-09T11:57:42 IST" name="bcConfig" finished-at="2026-03-09T11:57:49 IST" duration-ms="7178" status="PASS">
          <params>
            <param index="0">
              <value>
                <![CDATA[chrome]]>
              </value>
            </param>
          </params>
          <reporter-output>
          </reporter-output>
        </test-method> <!-- bcConfig -->
        <test-method is-config="true" signature="bmConfig()[pri:0, instance:TestCaseRepo.TC_002@64cd705f]" started-at="2026-03-09T11:57:49 IST" name="bmConfig" finished-at="2026-03-09T11:57:54 IST" duration-ms="5409" status="PASS">
          <reporter-output>
          </reporter-output>
        </test-method> <!-- bmConfig -->
        <test-method signature="LE002()[pri:0, instance:TestCaseRepo.TC_002@64cd705f]" started-at="2026-03-09T11:57:54 IST" name="LE002" finished-at="2026-03-09T11:58:19 IST" duration-ms="24095" status="PASS">
          <reporter-output>
          </reporter-output>
        </test-method> <!-- LE002 -->
        <test-method is-config="true" signature="afConfig()[pri:0, instance:TestCaseRepo.TC_002@64cd705f]" started-at="2026-03-09T11:58:19 IST" name="afConfig" finished-at="2026-03-09T11:58:22 IST" duration-ms="3268" status="PASS">
          <reporter-output>
          </reporter-output>
        </test-method> <!-- afConfig -->
        <test-method is-config="true" signature="bmConfig()[pri:0, instance:TestCaseRepo.TC_002@64cd705f]" started-at="2026-03-09T11:58:22 IST" name="bmConfig" finished-at="2026-03-09T11:58:24 IST" duration-ms="2637" status="PASS">
          <reporter-output>
          </reporter-output>
        </test-method> <!-- bmConfig -->
        <test-method signature="m1()[pri:0, instance:TestCaseRepo.TC_002@64cd705f]" started-at="2026-03-09T11:58:24 IST" name="m1" finished-at="2026-03-09T11:58:24 IST" duration-ms="1" status="PASS">
          <reporter-output>
          </reporter-output>
        </test-method> <!-- m1 -->
        <test-method is-config="true" signature="afConfig()[pri:0, instance:TestCaseRepo.TC_002@64cd705f]" started-at="2026-03-09T11:58:24 IST" name="afConfig" finished-at="2026-03-09T11:58:28 IST" duration-ms="3255" status="PASS">
          <reporter-output>
          </reporter-output>
        </test-method> <!-- afConfig -->
        <test-method is-config="true" signature="acConfig()[pri:0, instance:TestCaseRepo.TC_002@64cd705f]" started-at="2026-03-09T11:58:28 IST" name="acConfig" finished-at="2026-03-09T11:58:28 IST" duration-ms="280" status="PASS">
          <reporter-output>
          </reporter-output>
        </test-method> <!-- acConfig -->
      </class> <!-- TestCaseRepo.TC_002 -->
      <class name="TestCaseRepo.TC_001">
        <test-method is-config="true" signature="bcConfig(java.lang.String)[pri:0, instance:TestCaseRepo.TC_001@9225652]" started-at="2026-03-09T11:57:42 IST" name="bcConfig" finished-at="2026-03-09T11:57:49 IST" duration-ms="7658" status="PASS">
          <params>
            <param index="0">
              <value>
                <![CDATA[chrome]]>
              </value>
            </param>
          </params>
          <reporter-output>
          </reporter-output>
        </test-method> <!-- bcConfig -->
        <test-method is-config="true" signature="bmConfig()[pri:0, instance:TestCaseRepo.TC_001@9225652]" started-at="2026-03-09T11:57:49 IST" name="bmConfig" finished-at="2026-03-09T11:57:50 IST" duration-ms="705" status="PASS">
          <reporter-output>
          </reporter-output>
        </test-method> <!-- bmConfig -->
        <test-method signature="LE_001()[pri:0, instance:TestCaseRepo.TC_001@9225652]" started-at="2026-03-09T11:57:50 IST" name="LE_001" finished-at="2026-03-09T11:58:17 IST" duration-ms="27083" status="PASS">
          <reporter-output>
          </reporter-output>
        </test-method> <!-- LE_001 -->
        <test-method is-config="true" signature="afConfig()[pri:0, instance:TestCaseRepo.TC_001@9225652]" started-at="2026-03-09T11:58:17 IST" name="afConfig" finished-at="2026-03-09T11:58:21 IST" duration-ms="3760" status="PASS">
          <reporter-output>
          </reporter-output>
        </test-method> <!-- afConfig -->
        <test-method is-config="true" signature="acConfig()[pri:0, instance:TestCaseRepo.TC_001@9225652]" started-at="2026-03-09T11:58:21 IST" name="acConfig" finished-at="2026-03-09T11:58:23 IST" duration-ms="1715" status="PASS">
          <reporter-output>
          </reporter-output>
        </test-method> <!-- acConfig -->
      </class> <!-- TestCaseRepo.TC_001 -->
    </test> <!-- Test -->
  </suite> <!-- Suite -->
</testng-results>
