<?xml version="1.0" encoding="UTF-8"?>
<!-- Generated by org.testng.reporters.JUnitXMLReporter -->
<testsuite ignored="2" hostname="Aditya" failures="0" tests="3" name="Test2" time="10.484" errors="0" timestamp="2026-03-07T12:54:34 IST">
  <testcase classname="TestCaseRepo.TC_003" name="LE003" time="0.0">
    <skipped/>
  </testcase> <!-- LE003 -->
  <testcase classname="TestCaseRepo.TC_002" name="LE002" time="0.0">
    <skipped/>
  </testcase> <!-- LE002 -->
  <testcase classname="TestCaseRepo.TC_002" name="m1" time="0.0">
    <skipped/>
  </testcase> <!-- m1 -->
  <testcase classname="genericUtility.BaseClass" name="@AfterSuite asConfig" time="0.0">
    <ignored/>
  </testcase> <!-- @AfterSuite asConfig -->
  <testcase classname="genericUtility.BaseClass" name="@BeforeSuite bsConfig" time="0.0">
    <ignored/>
  </testcase> <!-- @BeforeSuite bsConfig -->
</testsuite> <!-- Test2 -->
