<?xml version="1.0" encoding="UTF-8"?>
<testng-results ignored="0" total="1" passed="1" failed="0" skipped="0">
  <reporter-output>
  </reporter-output>
  <suite started-at="2026-03-09T19:13:59 IST" name="Default suite" finished-at="2026-03-09T19:14:24 IST" duration-ms="24198">
    <groups>
      <group name="Regression">
        <method signature="TC_001.LE_001()[pri:0, instance:TestCaseRepo.TC_001@179ece50]" name="LE_001" class="TestCaseRepo.TC_001"/>
      </group> <!-- Regression -->
      <group name="Smoke">
        <method signature="TC_001.LE_001()[pri:0, instance:TestCaseRepo.TC_001@179ece50]" name="LE_001" class="TestCaseRepo.TC_001"/>
      </group> <!-- Smoke -->
    </groups>
    <test started-at="2026-03-09T19:13:59 IST" name="Default test" finished-at="2026-03-09T19:14:24 IST" duration-ms="24198">
      <class name="TestCaseRepo.TC_001">
        <test-method is-config="true" signature="bsConfig()[pri:0, instance:TestCaseRepo.TC_001@179ece50]" started-at="2026-03-09T19:13:59 IST" name="bsConfig" finished-at="2026-03-09T19:13:59 IST" duration-ms="22" status="PASS">
          <reporter-output>
          </reporter-output>
        </test-method> <!-- bsConfig -->
        <test-method is-config="true" signature="bcConfig(java.lang.String)[pri:0, instance:TestCaseRepo.TC_001@179ece50]" started-at="2026-03-09T19:14:00 IST" name="bcConfig" finished-at="2026-03-09T19:14:08 IST" duration-ms="7866" status="PASS">
          <params>
            <param index="0">
              <value>
                <![CDATA[chrome]]>
              </value>
            </param>
          </params>
          <reporter-output>
          </reporter-output>
        </test-method> <!-- bcConfig -->
        <test-method is-config="true" signature="bmConfig()[pri:0, instance:TestCaseRepo.TC_001@179ece50]" started-at="2026-03-09T19:14:08 IST" name="bmConfig" finished-at="2026-03-09T19:14:11 IST" duration-ms="2890" status="PASS">
          <reporter-output>
          </reporter-output>
        </test-method> <!-- bmConfig -->
        <test-method signature="LE_001()[pri:0, instance:TestCaseRepo.TC_001@179ece50]" started-at="2026-03-09T19:14:11 IST" name="LE_001" finished-at="2026-03-09T19:14:22 IST" duration-ms="11061" status="PASS">
          <reporter-output>
          </reporter-output>
        </test-method> <!-- LE_001 -->
        <test-method is-config="true" signature="afConfig()[pri:0, instance:TestCaseRepo.TC_001@179ece50]" started-at="2026-03-09T19:14:22 IST" name="afConfig" finished-at="2026-03-09T19:14:23 IST" duration-ms="1463" status="PASS">
          <reporter-output>
          </reporter-output>
        </test-method> <!-- afConfig -->
        <test-method is-config="true" signature="acConfig()[pri:0, instance:TestCaseRepo.TC_001@179ece50]" started-at="2026-03-09T19:14:23 IST" name="acConfig" finished-at="2026-03-09T19:14:24 IST" duration-ms="509" status="PASS">
          <reporter-output>
          </reporter-output>
        </test-method> <!-- acConfig -->
        <test-method is-config="true" signature="asConfig()[pri:0, instance:TestCaseRepo.TC_001@179ece50]" started-at="2026-03-09T19:14:24 IST" name="asConfig" finished-at="2026-03-09T19:14:24 IST" duration-ms="1" status="PASS">
          <reporter-output>
          </reporter-output>
        </test-method> <!-- asConfig -->
      </class> <!-- TestCaseRepo.TC_001 -->
    </test> <!-- Default test -->
  </suite> <!-- Default suite -->
</testng-results>
