<?xml version="1.0" encoding="UTF-8"?>
<!-- Generated by org.testng.reporters.JUnitReportReporter -->
<testsuite hostname="Aditya" failures="0" tests="3" name="Practice.TestNGPractice" time="0.019" errors="0" timestamp="2026-03-09T11:26:00 IST" skipped="0">
  <testcase classname="Practice.TestNGPractice" name="createUser" time="0.018"/>
  <testcase classname="Practice.TestNGPractice" name="modifyUser" time="0.001"/>
  <testcase classname="Practice.TestNGPractice" name="deleteUser" time="0.000"/>
</testsuite> <!-- Practice.TestNGPractice -->
